# JRE version: Java(TM) SE Runtime Environment (8.0_45-b15) (build 1.8.0_45-b15)
# Java VM: Java HotSpot(TM) 64-Bit Server VM (25.45-b02 mixed mode windows-amd64 compressed oops)
Heap:
 PSYoungGen      total 30720K, used 2544K [0x00000000eab00000, 0x00000000ed000000, 0x0000000100000000)
  eden space 28160K, 0% used [0x00000000eab00000,0x00000000eab00000,0x00000000ec680000)
  from space 2560K, 99% used [0x00000000ecd80000,0x00000000ecffc010,0x00000000ed000000)
  to   space 2560K, 0% used [0x00000000ecb00000,0x00000000ecb00000,0x00000000ecd80000)
 ParOldGen       total 24064K, used 7042K [0x00000000c0000000, 0x00000000c1780000, 0x00000000eab00000)
  object space 24064K, 29% used [0x00000000c0000000,0x00000000c06e0888,0x00000000c1780000)
 Metaspace       used 17093K, capacity 17454K, committed 17536K, reserved 1069056K
  class space    used 2303K, capacity 2425K, committed 2432K, reserved 1048576K
GC Heap History (10 events):
Event: 0.912 GC heap before
{Heap before GC invocations=2 (full 0):
 PSYoungGen      total 18944K, used 18924K [0x00000000eab00000, 0x00000000ec000000, 0x0000000100000000)
  eden space 16384K, 100% used [0x00000000eab00000,0x00000000ebb00000,0x00000000ebb00000)
  from space 2560K, 99% used [0x00000000ebb00000,0x00000000ebd7b108,0x00000000ebd80000)
  to   space 2560K, 0% used [0x00000000ebd80000,0x00000000ebd80000,0x00000000ec000000)
 ParOldGen       total 44032K, used 663K [0x00000000c0000000, 0x00000000c2b00000, 0x00000000eab00000)
  object space 44032K, 1% used [0x00000000c0000000,0x00000000c00a5fa8,0x00000000c2b00000)
 Metaspace       used 6200K, capacity 6444K, committed 6528K, reserved 1056768K
  class space    used 801K, capacity 868K, committed 896K, reserved 1048576K
Event: 0.927 GC heap after
Heap after GC invocations=2 (full 0):
 PSYoungGen      total 18944K, used 2537K [0x00000000eab00000, 0x00000000ed000000, 0x0000000100000000)
  eden space 16384K, 0% used [0x00000000eab00000,0x00000000eab00000,0x00000000ebb00000)
  from space 2560K, 99% used [0x00000000ebd80000,0x00000000ebffa610,0x00000000ec000000)
  to   space 2560K, 0% used [0x00000000ebb00000,0x00000000ebb00000,0x00000000ebd80000)
 ParOldGen       total 44032K, used 771K [0x00000000c0000000, 0x00000000c2b00000, 0x00000000eab00000)
  object space 44032K, 1% used [0x00000000c0000000,0x00000000c00c0d98,0x00000000c2b00000)
 Metaspace       used 6200K, capacity 6444K, committed 6528K, reserved 1056768K
  class space    used 801K, capacity 868K, committed 896K, reserved 1048576K
}
Event: 0.964 GC heap before
{Heap before GC invocations=3 (full 0):
 PSYoungGen      total 18944K, used 4821K [0x00000000eab00000, 0x00000000ed000000, 0x0000000100000000)
  eden space 16384K, 13% used [0x00000000eab00000,0x00000000ead3af78,0x00000000ebb00000)
  from space 2560K, 99% used [0x00000000ebd80000,0x00000000ebffa610,0x00000000ec000000)
  to   space 2560K, 0% used [0x00000000ebb00000,0x00000000ebb00000,0x00000000ebd80000)
 ParOldGen       total 44032K, used 771K [0x00000000c0000000, 0x00000000c2b00000, 0x00000000eab00000)
  object space 44032K, 1% used [0x00000000c0000000,0x00000000c00c0d98,0x00000000c2b00000)
 Metaspace       used 6848K, capacity 7020K, committed 7168K, reserved 1060864K
  class space    used 876K, capacity 932K, committed 1024K, reserved 1048576K
Event: 0.966 GC heap after
Heap after GC invocations=3 (full 0):
 PSYoungGen      total 18944K, used 2539K [0x00000000eab00000, 0x00000000ed000000, 0x0000000100000000)
  eden space 16384K, 0% used [0x00000000eab00000,0x00000000eab00000,0x00000000ebb00000)
  from space 2560K, 99% used [0x00000000ebb00000,0x00000000ebd7adb8,0x00000000ebd80000)
  to   space 2560K, 0% used [0x00000000ecd80000,0x00000000ecd80000,0x00000000ed000000)
 ParOldGen       total 44032K, used 779K [0x00000000c0000000, 0x00000000c2b00000, 0x00000000eab00000)
  object space 44032K, 1% used [0x00000000c0000000,0x00000000c00c2d98,0x00000000c2b00000)
 Metaspace       used 6848K, capacity 7020K, committed 7168K, reserved 1060864K
  class space    used 876K, capacity 932K, committed 1024K, reserved 1048576K
}
Event: 0.966 GC heap before
{Heap before GC invocations=4 (full 1):
 PSYoungGen      total 18944K, used 2539K [0x00000000eab00000, 0x00000000ed000000, 0x0000000100000000)
  eden space 16384K, 0% used [0x00000000eab00000,0x00000000eab00000,0x00000000ebb00000)
  from space 2560K, 99% used [0x00000000ebb00000,0x00000000ebd7adb8,0x00000000ebd80000)
  to   space 2560K, 0% used [0x00000000ecd80000,0x00000000ecd80000,0x00000000ed000000)
 ParOldGen       total 44032K, used 779K [0x00000000c0000000, 0x00000000c2b00000, 0x00000000eab00000)
  object space 44032K, 1% used [0x00000000c0000000,0x00000000c00c2d98,0x00000000c2b00000)
 Metaspace       used 6848K, capacity 7020K, committed 7168K, reserved 1060864K
  class space    used 876K, capacity 932K, committed 1024K, reserved 1048576K
Event: 0.980 GC heap after
Heap after GC invocations=4 (full 1):
 PSYoungGen      total 18944K, used 0K [0x00000000eab00000, 0x00000000ed000000, 0x0000000100000000)
  eden space 16384K, 0% used [0x00000000eab00000,0x00000000eab00000,0x00000000ebb00000)
  from space 2560K, 0% used [0x00000000ebb00000,0x00000000ebb00000,0x00000000ebd80000)
  to   space 2560K, 0% used [0x00000000ecd80000,0x00000000ecd80000,0x00000000ed000000)
 ParOldGen       total 24064K, used 2469K [0x00000000c0000000, 0x00000000c1780000, 0x00000000eab00000)
  object space 24064K, 10% used [0x00000000c0000000,0x00000000c0269440,0x00000000c1780000)
 Metaspace       used 6848K, capacity 7020K, committed 7168K, reserved 1058816K
  class space    used 876K, capacity 932K, committed 1024K, reserved 1048576K
}
Event: 1.656 GC heap before
{Heap before GC invocations=5 (full 1):
 PSYoungGen      total 18944K, used 16384K [0x00000000eab00000, 0x00000000ed000000, 0x0000000100000000)
  eden space 16384K, 100% used [0x00000000eab00000,0x00000000ebb00000,0x00000000ebb00000)
  from space 2560K, 0% used [0x00000000ebb00000,0x00000000ebb00000,0x00000000ebd80000)
  to   space 2560K, 0% used [0x00000000ecd80000,0x00000000ecd80000,0x00000000ed000000)
 ParOldGen       total 24064K, used 2469K [0x00000000c0000000, 0x00000000c1780000, 0x00000000eab00000)
  object space 24064K, 10% used [0x00000000c0000000,0x00000000c0269440,0x00000000c1780000)
 Metaspace       used 10891K, capacity 11260K, committed 11392K, reserved 1060864K
  class space    used 1432K, capacity 1558K, committed 1664K, reserved 1048576K
Event: 1.660 GC heap after
Heap after GC invocations=5 (full 1):
 PSYoungGen      total 30720K, used 2255K [0x00000000eab00000, 0x00000000ed000000, 0x0000000100000000)
  eden space 28160K, 0% used [0x00000000eab00000,0x00000000eab00000,0x00000000ec680000)
  from space 2560K, 88% used [0x00000000ecd80000,0x00000000ecfb3cf8,0x00000000ed000000)
  to   space 2560K, 0% used [0x00000000ecb00000,0x00000000ecb00000,0x00000000ecd80000)
 ParOldGen       total 24064K, used 2477K [0x00000000c0000000, 0x00000000c1780000, 0x00000000eab00000)
  object space 24064K, 10% used [0x00000000c0000000,0x00000000c026b440,0x00000000c1780000)
 Metaspace       used 10891K, capacity 11260K, committed 11392K, reserved 1060864K
  class space    used 1432K, capacity 1558K, committed 1664K, reserved 1048576K
}
Event: 2.006 GC heap before
{Heap before GC invocations=6 (full 1):
 PSYoungGen      total 30720K, used 30415K [0x00000000eab00000, 0x00000000ed000000, 0x0000000100000000)
  eden space 28160K, 100% used [0x00000000eab00000,0x00000000ec680000,0x00000000ec680000)
  from space 2560K, 88% used [0x00000000ecd80000,0x00000000ecfb3cf8,0x00000000ed000000)
  to   space 2560K, 0% used [0x00000000ecb00000,0x00000000ecb00000,0x00000000ecd80000)
 ParOldGen       total 24064K, used 2477K [0x00000000c0000000, 0x00000000c1780000, 0x00000000eab00000)
  object space 24064K, 10% used [0x00000000c0000000,0x00000000c026b440,0x00000000c1780000)
 Metaspace       used 16364K, capacity 16796K, committed 16896K, reserved 1067008K
  class space    used 2176K, capacity 2294K, committed 2304K, reserved 1048576K
Event: 2.013 GC heap after
Heap after GC invocations=6 (full 1):
 PSYoungGen      total 30720K, used 2560K [0x00000000eab00000, 0x00000000ed000000, 0x0000000100000000)
  eden space 28160K, 0% used [0x00000000eab00000,0x00000000eab00000,0x00000000ec680000)
  from space 2560K, 100% used [0x00000000ecb00000,0x00000000ecd80000,0x00000000ecd80000)
  to   space 2560K, 0% used [0x00000000ecd80000,0x00000000ecd80000,0x00000000ed000000)
 ParOldGen       total 24064K, used 6232K [0x00000000c0000000, 0x00000000c1780000, 0x00000000eab00000)
  object space 24064K, 25% used [0x00000000c0000000,0x00000000c0616390,0x00000000c1780000)
 Metaspace       used 16364K, capacity 16796K, committed 16896K, reserved 1067008K
  class space    used 2176K, capacity 2294K, committed 2304K, reserved 1048576K
}

