# JRE version: Java(TM) SE Runtime Environment (8.0_45-b15) (build 1.8.0_45-b15)
# Java VM: Java HotSpot(TM) 64-Bit Server VM (25.45-b02 mixed mode windows-amd64 compressed oops)
Heap:
 PSYoungGen      total 195072K, used 50625K [0x00000000eab00000, 0x00000000f7d80000, 0x0000000100000000)
  eden space 177664K, 21% used [0x00000000eab00000,0x00000000ed0082f8,0x00000000f5880000)
  from space 17408K, 72% used [0x00000000f6c80000,0x00000000f78e8490,0x00000000f7d80000)
  to   space 18944K, 0% used [0x00000000f5880000,0x00000000f5880000,0x00000000f6b00000)
 ParOldGen       total 59392K, used 38641K [0x00000000c0000000, 0x00000000c3a00000, 0x00000000eab00000)
  object space 59392K, 65% used [0x00000000c0000000,0x00000000c25bc450,0x00000000c3a00000)
 Metaspace       used 43762K, capacity 45448K, committed 45568K, reserved 1087488K
  class space    used 5980K, capacity 6564K, committed 6656K, reserved 1048576K
GC Heap History (10 events):
Event: 15.014 GC heap before
{Heap before GC invocations=10 (full 1):
 PSYoungGen      total 112128K, used 106947K [0x00000000eab00000, 0x00000000f2300000, 0x0000000100000000)
  eden space 105472K, 100% used [0x00000000eab00000,0x00000000f1200000,0x00000000f1200000)
  from space 6656K, 22% used [0x00000000f1c80000,0x00000000f1df0c18,0x00000000f2300000)
  to   space 8704K, 0% used [0x00000000f1200000,0x00000000f1200000,0x00000000f1a80000)
 ParOldGen       total 38400K, used 11359K [0x00000000c0000000, 0x00000000c2580000, 0x00000000eab00000)
  object space 38400K, 29% used [0x00000000c0000000,0x00000000c0b17c10,0x00000000c2580000)
 Metaspace       used 29616K, capacity 30428K, committed 30592K, reserved 1075200K
  class space    used 3874K, capacity 4160K, committed 4224K, reserved 1048576K
Event: 15.029 GC heap after
Heap after GC invocations=10 (full 1):
 PSYoungGen      total 114176K, used 8687K [0x00000000eab00000, 0x00000000f4a00000, 0x0000000100000000)
  eden space 105472K, 0% used [0x00000000eab00000,0x00000000eab00000,0x00000000f1200000)
  from space 8704K, 99% used [0x00000000f1200000,0x00000000f1a7bd50,0x00000000f1a80000)
  to   space 11264K, 0% used [0x00000000f3f00000,0x00000000f3f00000,0x00000000f4a00000)
 ParOldGen       total 38400K, used 14428K [0x00000000c0000000, 0x00000000c2580000, 0x00000000eab00000)
  object space 38400K, 37% used [0x00000000c0000000,0x00000000c0e17290,0x00000000c2580000)
 Metaspace       used 29616K, capacity 30428K, committed 30592K, reserved 1075200K
  class space    used 3874K, capacity 4160K, committed 4224K, reserved 1048576K
}
Event: 18.717 GC heap before
{Heap before GC invocations=11 (full 1):
 PSYoungGen      total 114176K, used 72767K [0x00000000eab00000, 0x00000000f4a00000, 0x0000000100000000)
  eden space 105472K, 60% used [0x00000000eab00000,0x00000000ee994268,0x00000000f1200000)
  from space 8704K, 99% used [0x00000000f1200000,0x00000000f1a7bd50,0x00000000f1a80000)
  to   space 11264K, 0% used [0x00000000f3f00000,0x00000000f3f00000,0x00000000f4a00000)
 ParOldGen       total 38400K, used 14428K [0x00000000c0000000, 0x00000000c2580000, 0x00000000eab00000)
  object space 38400K, 37% used [0x00000000c0000000,0x00000000c0e17290,0x00000000c2580000)
 Metaspace       used 34490K, capacity 35354K, committed 35456K, reserved 1079296K
  class space    used 4578K, capacity 4899K, committed 4992K, reserved 1048576K
Event: 18.759 GC heap after
Heap after GC invocations=11 (full 1):
 PSYoungGen      total 148480K, used 11241K [0x00000000eab00000, 0x00000000f5180000, 0x0000000100000000)
  eden space 137216K, 0% used [0x00000000eab00000,0x00000000eab00000,0x00000000f3100000)
  from space 11264K, 99% used [0x00000000f3f00000,0x00000000f49fa740,0x00000000f4a00000)
  to   space 14336K, 0% used [0x00000000f3100000,0x00000000f3100000,0x00000000f3f00000)
 ParOldGen       total 38400K, used 18024K [0x00000000c0000000, 0x00000000c2580000, 0x00000000eab00000)
  object space 38400K, 46% used [0x00000000c0000000,0x00000000c119a1a8,0x00000000c2580000)
 Metaspace       used 34490K, capacity 35354K, committed 35456K, reserved 1079296K
  class space    used 4578K, capacity 4899K, committed 4992K, reserved 1048576K
}
Event: 18.759 GC heap before
{Heap before GC invocations=12 (full 2):
 PSYoungGen      total 148480K, used 11241K [0x00000000eab00000, 0x00000000f5180000, 0x0000000100000000)
  eden space 137216K, 0% used [0x00000000eab00000,0x00000000eab00000,0x00000000f3100000)
  from space 11264K, 99% used [0x00000000f3f00000,0x00000000f49fa740,0x00000000f4a00000)
  to   space 14336K, 0% used [0x00000000f3100000,0x00000000f3100000,0x00000000f3f00000)
 ParOldGen       total 38400K, used 18024K [0x00000000c0000000, 0x00000000c2580000, 0x00000000eab00000)
  object space 38400K, 46% used [0x00000000c0000000,0x00000000c119a1a8,0x00000000c2580000)
 Metaspace       used 34490K, capacity 35354K, committed 35456K, reserved 1079296K
  class space    used 4578K, capacity 4899K, committed 4992K, reserved 1048576K
Event: 18.870 GC heap after
Heap after GC invocations=12 (full 2):
 PSYoungGen      total 148480K, used 0K [0x00000000eab00000, 0x00000000f5180000, 0x0000000100000000)
  eden space 137216K, 0% used [0x00000000eab00000,0x00000000eab00000,0x00000000f3100000)
  from space 11264K, 0% used [0x00000000f3f00000,0x00000000f3f00000,0x00000000f4a00000)
  to   space 14336K, 0% used [0x00000000f3100000,0x00000000f3100000,0x00000000f3f00000)
 ParOldGen       total 59392K, used 21302K [0x00000000c0000000, 0x00000000c3a00000, 0x00000000eab00000)
  object space 59392K, 35% used [0x00000000c0000000,0x00000000c14cdb50,0x00000000c3a00000)
 Metaspace       used 34457K, capacity 35240K, committed 35456K, reserved 1079296K
  class space    used 4570K, capacity 4865K, committed 4992K, reserved 1048576K
}
Event: 22.653 GC heap before
{Heap before GC invocations=13 (full 2):
 PSYoungGen      total 148480K, used 137216K [0x00000000eab00000, 0x00000000f5180000, 0x0000000100000000)
  eden space 137216K, 100% used [0x00000000eab00000,0x00000000f3100000,0x00000000f3100000)
  from space 11264K, 0% used [0x00000000f3f00000,0x00000000f3f00000,0x00000000f4a00000)
  to   space 14336K, 0% used [0x00000000f3100000,0x00000000f3100000,0x00000000f3f00000)
 ParOldGen       total 59392K, used 21302K [0x00000000c0000000, 0x00000000c3a00000, 0x00000000eab00000)
  object space 59392K, 35% used [0x00000000c0000000,0x00000000c14cdb50,0x00000000c3a00000)
 Metaspace       used 39020K, capacity 40276K, committed 40448K, reserved 1083392K
  class space    used 5277K, capacity 5766K, committed 5888K, reserved 1048576K
Event: 22.679 GC heap after
Heap after GC invocations=13 (full 2):
 PSYoungGen      total 151552K, used 14311K [0x00000000eab00000, 0x00000000f7e00000, 0x0000000100000000)
  eden space 137216K, 0% used [0x00000000eab00000,0x00000000eab00000,0x00000000f3100000)
  from space 14336K, 99% used [0x00000000f3100000,0x00000000f3ef9c70,0x00000000f3f00000)
  to   space 17920K, 0% used [0x00000000f6c80000,0x00000000f6c80000,0x00000000f7e00000)
 ParOldGen       total 59392K, used 24312K [0x00000000c0000000, 0x00000000c3a00000, 0x00000000eab00000)
  object space 59392K, 40% used [0x00000000c0000000,0x00000000c17be340,0x00000000c3a00000)
 Metaspace       used 39020K, capacity 40276K, committed 40448K, reserved 1083392K
  class space    used 5277K, capacity 5766K, committed 5888K, reserved 1048576K
}
Event: 30.925 GC heap before
{Heap before GC invocations=14 (full 2):
 PSYoungGen      total 151552K, used 151527K [0x00000000eab00000, 0x00000000f7e00000, 0x0000000100000000)
  eden space 137216K, 100% used [0x00000000eab00000,0x00000000f3100000,0x00000000f3100000)
  from space 14336K, 99% used [0x00000000f3100000,0x00000000f3ef9c70,0x00000000f3f00000)
  to   space 17920K, 0% used [0x00000000f6c80000,0x00000000f6c80000,0x00000000f7e00000)
 ParOldGen       total 59392K, used 24312K [0x00000000c0000000, 0x00000000c3a00000, 0x00000000eab00000)
  object space 59392K, 40% used [0x00000000c0000000,0x00000000c17be340,0x00000000c3a00000)
 Metaspace       used 42663K, capacity 44182K, committed 44288K, reserved 1087488K
  class space    used 5836K, capacity 6375K, committed 6400K, reserved 1048576K
Event: 30.960 GC heap after
Heap after GC invocations=14 (full 2):
 PSYoungGen      total 195072K, used 12705K [0x00000000eab00000, 0x00000000f7d80000, 0x0000000100000000)
  eden space 177664K, 0% used [0x00000000eab00000,0x00000000eab00000,0x00000000f5880000)
  from space 17408K, 72% used [0x00000000f6c80000,0x00000000f78e8490,0x00000000f7d80000)
  to   space 18944K, 0% used [0x00000000f5880000,0x00000000f5880000,0x00000000f6b00000)
 ParOldGen       total 59392K, used 38641K [0x00000000c0000000, 0x00000000c3a00000, 0x00000000eab00000)
  object space 59392K, 65% used [0x00000000c0000000,0x00000000c25bc450,0x00000000c3a00000)
 Metaspace       used 42663K, capacity 44182K, committed 44288K, reserved 1087488K
  class space    used 5836K, capacity 6375K, committed 6400K, reserved 1048576K
}

